d:\awork\test\tetris\tetris\debug\vc142.pdb
d:\awork\test\tetris\tetris\debug\vc142.idb
d:\awork\test\tetris\tetris\debug\view.obj
d:\awork\test\tetris\tetris\debug\model.obj
d:\awork\test\tetris\tetris\debug\game.obj
d:\awork\test\tetris\tetris\debug\event.obj
d:\awork\test\tetris\tetris\debug\ctrlplaying.obj
d:\awork\test\tetris\tetris\debug\ctrlinit.obj
d:\awork\test\tetris\tetris\debug\blockofl.obj
d:\awork\test\tetris\tetris\debug\block.obj
d:\awork\test\tetris\tetris\debug\blockfactory.obj
d:\awork\test\tetris\tetris\debug\main.obj
d:\awork\test\tetris\tetris\debug\ctrl.obj
d:\awork\test\tetris\tetris\debug\eventwrapper.obj
d:\awork\test\tetris\debug\tetris.exe
d:\awork\test\tetris\debug\tetris.ilk
d:\awork\test\tetris\debug\tetris.pdb
d:\awork\test\tetris\tetris\debug\tetris.tlog\cl.command.1.tlog
d:\awork\test\tetris\tetris\debug\tetris.tlog\cl.read.1.tlog
d:\awork\test\tetris\tetris\debug\tetris.tlog\cl.write.1.tlog
d:\awork\test\tetris\tetris\debug\tetris.tlog\link.command.1.tlog
d:\awork\test\tetris\tetris\debug\tetris.tlog\link.read.1.tlog
d:\awork\test\tetris\tetris\debug\tetris.tlog\link.write.1.tlog
